5812 - Exception: class litebase.SQLParseException
Message: Error: Syntax error. Near position 36.
Stack trace:
litebase.SQLParseException: Error: Syntax error. Near position 36.
litebase.g.a(Unknown Source)
litebase.g.g(Unknown Source)
litebase.g.a(Unknown Source)
litebase.g.a(Unknown Source)
litebase.LitebaseConnection.executeUpdate(Unknown Source)
samples.apps.sqlconsole.SQLConsole.processSQL(SQLConsole.java:425)
samples.apps.sqlconsole.SQLConsole.execute(SQLConsole.java:456)
samples.apps.sqlconsole.SQLConsole.onEvent(SQLConsole.java:534)
totalcross.ui.Control._onEvent(Control.java:1478)
totalcross.ui.Control.postEvent(Control.java:1101)
totalcross.ui.Control.postPressedEvent(Control.java:436)
totalcross.ui.Button.onEvent(Button.java:470)
totalcross.ui.Control._onEvent(Control.java:1478)
totalcross.ui.Control.postEvent(Control.java:1101)
totalcross.ui.Window._postEvent(Window.java:1012)
totalcross.TCEventThread.privatePumpEvents(TCEventThread.java:92)
totalcross.TCEventThread.run(TCEventThread.java:51)

39310 - Exception: class litebase.SQLParseException
Message: Error: Syntax error. Near position 37.
Stack trace:
litebase.SQLParseException: Error: Syntax error. Near position 37.
litebase.g.a(Unknown Source)
litebase.g.g(Unknown Source)
litebase.g.a(Unknown Source)
litebase.g.a(Unknown Source)
litebase.LitebaseConnection.executeUpdate(Unknown Source)
samples.apps.sqlconsole.SQLConsole.processSQL(SQLConsole.java:425)
samples.apps.sqlconsole.SQLConsole.execute(SQLConsole.java:456)
samples.apps.sqlconsole.SQLConsole.onEvent(SQLConsole.java:534)
totalcross.ui.Control._onEvent(Control.java:1478)
totalcross.ui.Control.postEvent(Control.java:1101)
totalcross.ui.Control.postPressedEvent(Control.java:436)
totalcross.ui.Button.onEvent(Button.java:470)
totalcross.ui.Control._onEvent(Control.java:1478)
totalcross.ui.Control.postEvent(Control.java:1101)
totalcross.ui.Window._postEvent(Window.java:1012)
totalcross.TCEventThread.privatePumpEvents(TCEventThread.java:92)
totalcross.TCEventThread.run(TCEventThread.java:51)

